<?xml version="1.0" encoding="UTF-8"?>
<testsuite name="cherish.backend.member.MemberTest" tests="1" skipped="0" failures="0" errors="0" timestamp="2023-03-10T06:37:08" hostname="sinbong-gyuui-MacBookAir.local" time="0.29">
  <properties/>
  <testcase name="비밀번호_변경()" classname="cherish.backend.member.MemberTest" time="0.29"/>
  <system-out><![CDATA[15:37:05.996 [Test worker] DEBUG org.springframework.boot.test.context.SpringBootTestContextBootstrapper - Neither @ContextConfiguration nor @ContextHierarchy found for test class [MemberTest]: using SpringBootContextLoader
15:37:05.999 [Test worker] DEBUG org.springframework.test.context.support.AbstractContextLoader - Could not detect default resource locations for test class [cherish.backend.member.MemberTest]: no resource found for suffixes {-context.xml, Context.groovy}.
15:37:05.999 [Test worker] INFO org.springframework.test.context.support.AnnotationConfigContextLoaderUtils - Could not detect default configuration classes for test class [cherish.backend.member.MemberTest]: MemberTest does not declare any static, non-private, non-final, nested classes annotated with @Configuration.
15:37:06.011 [Test worker] DEBUG org.springframework.boot.test.context.SpringBootTestContextBootstrapper - Using ContextCustomizers for test class [MemberTest]: [DisableObservabilityContextCustomizer, PropertyMappingContextCustomizer, Customizer, ExcludeFilterContextCustomizer, DuplicateJsonObjectContextCustomizer, MockitoContextCustomizer, TestRestTemplateContextCustomizer]
15:37:06.058 [Test worker] DEBUG org.springframework.context.annotation.ClassPathScanningCandidateComponentProvider - Identified candidate component class: file [/Users/coodori/Desktop/back-spring/build/classes/java/main/cherish/backend/BackendApplication.class]
15:37:06.058 [Test worker] INFO org.springframework.boot.test.context.SpringBootTestContextBootstrapper - Found @SpringBootConfiguration cherish.backend.BackendApplication for test class cherish.backend.member.MemberTest
15:37:06.101 [Test worker] DEBUG org.springframework.boot.test.context.SpringBootTestContextBootstrapper - Using TestExecutionListeners for test class [MemberTest]: [ServletTestExecutionListener, DirtiesContextBeforeModesTestExecutionListener, ApplicationEventsTestExecutionListener, MockitoTestExecutionListener, DependencyInjectionTestExecutionListener, DirtiesContextTestExecutionListener, TransactionalTestExecutionListener, SqlScriptsTestExecutionListener, WithSecurityContextTestExecutionListener, EventPublishingTestExecutionListener, ReactorContextTestExecutionListener, RestDocsTestExecutionListener, MockRestServiceServerResetTestExecutionListener, MockMvcPrintOnlyOnFailureTestExecutionListener, WebDriverTestExecutionListener, MockWebServiceServerTestExecutionListener, ResetMocksTestExecutionListener]
15:37:06.103 [Test worker] DEBUG org.springframework.test.context.support.AbstractDirtiesContextTestExecutionListener - Before test class: class [MemberTest], class annotated with @DirtiesContext [false] with mode [null]

  .   ____          _            __ _ _
 /\\ / ___'_ __ _ _(_)_ __  __ _ \ \ \ \
( ( )\___ | '_ | '_| | '_ \/ _` | \ \ \ \
 \\/  ___)| |_)| | | | | || (_| |  ) ) ) )
  '  |____| .__|_| |_|_| |_\__, | / / / /
 =========|_|==============|___/=/_/_/_/
 :: Spring Boot ::                (v3.0.4)

2023-03-10T15:37:06.242+09:00  INFO 17497 --- [    Test worker] cherish.backend.member.MemberTest        : Starting MemberTest using Java 17.0.6 with PID 17497 (started by coodori in /Users/coodori/Desktop/back-spring)
2023-03-10T15:37:06.243+09:00  INFO 17497 --- [    Test worker] cherish.backend.member.MemberTest        : No active profile set, falling back to 1 default profile: "default"
2023-03-10T15:37:06.574+09:00  INFO 17497 --- [    Test worker] .s.d.r.c.RepositoryConfigurationDelegate : Bootstrapping Spring Data JPA repositories in DEFAULT mode.
2023-03-10T15:37:06.603+09:00  INFO 17497 --- [    Test worker] .s.d.r.c.RepositoryConfigurationDelegate : Finished Spring Data repository scanning in 24 ms. Found 1 JPA repository interfaces.
2023-03-10T15:37:06.831+09:00  INFO 17497 --- [    Test worker] o.hibernate.jpa.internal.util.LogHelper  : HHH000204: Processing PersistenceUnitInfo [name: default]
2023-03-10T15:37:06.857+09:00  INFO 17497 --- [    Test worker] org.hibernate.Version                    : HHH000412: Hibernate ORM core version 6.1.7.Final
2023-03-10T15:37:06.988+09:00  INFO 17497 --- [    Test worker] com.zaxxer.hikari.HikariDataSource       : HikariPool-1 - Starting...
2023-03-10T15:37:07.074+09:00  INFO 17497 --- [    Test worker] com.zaxxer.hikari.pool.HikariPool        : HikariPool-1 - Added connection conn0: url=jdbc:h2:mem:ea2af0fd-52f6-4406-a81a-89d498531194 user=SA
2023-03-10T15:37:07.075+09:00  INFO 17497 --- [    Test worker] com.zaxxer.hikari.HikariDataSource       : HikariPool-1 - Start completed.
2023-03-10T15:37:07.094+09:00  INFO 17497 --- [    Test worker] SQL dialect                              : HHH000400: Using dialect: org.hibernate.dialect.H2Dialect
2023-03-10T15:37:07.583+09:00  INFO 17497 --- [    Test worker] o.h.m.internal.PojoInstantiatorImpl      : HHH000182: No default (no-argument) constructor for class: cherish.backend.item.ItemType (class must be instantiated by Interceptor)
2023-03-10T15:37:07.586+09:00  INFO 17497 --- [    Test worker] o.h.m.internal.PojoInstantiatorImpl      : HHH000182: No default (no-argument) constructor for class: cherish.backend.member.sub.Gender (class must be instantiated by Interceptor)
2023-03-10T15:37:07.633+09:00  INFO 17497 --- [    Test worker] o.h.e.t.j.p.i.JtaPlatformInitiator       : HHH000490: Using JtaPlatform implementation: [org.hibernate.engine.transaction.jta.platform.internal.NoJtaPlatform]
2023-03-10T15:37:07.637+09:00  INFO 17497 --- [    Test worker] j.LocalContainerEntityManagerFactoryBean : Initialized JPA EntityManagerFactory for persistence unit 'default'
2023-03-10T15:37:08.159+09:00  WARN 17497 --- [    Test worker] JpaBaseConfiguration$JpaWebConfiguration : spring.jpa.open-in-view is enabled by default. Therefore, database queries may be performed during view rendering. Explicitly configure spring.jpa.open-in-view to disable this warning
2023-03-10T15:37:08.423+09:00  INFO 17497 --- [    Test worker] o.s.s.web.DefaultSecurityFilterChain     : Will secure any request with [org.springframework.security.web.session.DisableEncodeUrlFilter@41736818, org.springframework.security.web.context.request.async.WebAsyncManagerIntegrationFilter@457d3f54, org.springframework.security.web.context.SecurityContextHolderFilter@73753326, org.springframework.security.web.header.HeaderWriterFilter@4d359c69, org.springframework.security.web.authentication.logout.LogoutFilter@7ec75228, cherish.backend.config.jwt.JwtAuthenticationFilter@144792d5, org.springframework.security.web.savedrequest.RequestCacheAwareFilter@2eb73a42, org.springframework.security.web.servletapi.SecurityContextHolderAwareRequestFilter@4a249610, org.springframework.security.web.authentication.AnonymousAuthenticationFilter@1da61a29, org.springframework.security.web.session.SessionManagementFilter@565030b7, org.springframework.security.web.access.ExceptionTranslationFilter@39a1e1e6, org.springframework.security.web.access.intercept.AuthorizationFilter@1fe37d27]
2023-03-10T15:37:08.575+09:00  INFO 17497 --- [    Test worker] cherish.backend.member.MemberTest        : Started MemberTest in 2.446 seconds (process running for 2.975)
]]></system-out>
  <system-err><![CDATA[]]></system-err>
</testsuite>
