<?xml version="1.0" encoding="UTF-8"?>
<testsuite name="cherish.backend.member.MemberTest" tests="1" skipped="0" failures="0" errors="0" timestamp="2023-03-09T13:55:53" hostname="sinbong-gyuui-MacBookAir.local" time="0.208">
  <properties/>
  <testcase name="회원가입()" classname="cherish.backend.member.MemberTest" time="0.208"/>
  <system-out><![CDATA[22:55:52.093 [Test worker] DEBUG org.springframework.boot.test.context.SpringBootTestContextBootstrapper - Neither @ContextConfiguration nor @ContextHierarchy found for test class [MemberTest]: using SpringBootContextLoader
22:55:52.096 [Test worker] DEBUG org.springframework.test.context.support.AbstractContextLoader - Could not detect default resource locations for test class [cherish.backend.member.MemberTest]: no resource found for suffixes {-context.xml, Context.groovy}.
22:55:52.097 [Test worker] INFO org.springframework.test.context.support.AnnotationConfigContextLoaderUtils - Could not detect default configuration classes for test class [cherish.backend.member.MemberTest]: MemberTest does not declare any static, non-private, non-final, nested classes annotated with @Configuration.
22:55:52.109 [Test worker] DEBUG org.springframework.boot.test.context.SpringBootTestContextBootstrapper - Using ContextCustomizers for test class [MemberTest]: [DisableObservabilityContextCustomizer, PropertyMappingContextCustomizer, Customizer, ExcludeFilterContextCustomizer, DuplicateJsonObjectContextCustomizer, MockitoContextCustomizer, TestRestTemplateContextCustomizer]
22:55:52.152 [Test worker] DEBUG org.springframework.context.annotation.ClassPathScanningCandidateComponentProvider - Identified candidate component class: file [/Users/coodori/Desktop/back-spring/build/classes/java/main/cherish/backend/BackendApplication.class]
22:55:52.153 [Test worker] INFO org.springframework.boot.test.context.SpringBootTestContextBootstrapper - Found @SpringBootConfiguration cherish.backend.BackendApplication for test class cherish.backend.member.MemberTest
22:55:52.195 [Test worker] DEBUG org.springframework.boot.test.context.SpringBootTestContextBootstrapper - Using TestExecutionListeners for test class [MemberTest]: [ServletTestExecutionListener, DirtiesContextBeforeModesTestExecutionListener, ApplicationEventsTestExecutionListener, MockitoTestExecutionListener, DependencyInjectionTestExecutionListener, DirtiesContextTestExecutionListener, TransactionalTestExecutionListener, SqlScriptsTestExecutionListener, WithSecurityContextTestExecutionListener, EventPublishingTestExecutionListener, ReactorContextTestExecutionListener, RestDocsTestExecutionListener, MockRestServiceServerResetTestExecutionListener, MockMvcPrintOnlyOnFailureTestExecutionListener, WebDriverTestExecutionListener, MockWebServiceServerTestExecutionListener, ResetMocksTestExecutionListener]
22:55:52.195 [Test worker] DEBUG org.springframework.test.context.support.AbstractDirtiesContextTestExecutionListener - Before test class: class [MemberTest], class annotated with @DirtiesContext [false] with mode [null]

  .   ____          _            __ _ _
 /\\ / ___'_ __ _ _(_)_ __  __ _ \ \ \ \
( ( )\___ | '_ | '_| | '_ \/ _` | \ \ \ \
 \\/  ___)| |_)| | | | | || (_| |  ) ) ) )
  '  |____| .__|_| |_|_| |_\__, | / / / /
 =========|_|==============|___/=/_/_/_/
 :: Spring Boot ::                (v3.0.4)

2023-03-09T22:55:52.329+09:00  INFO 7044 --- [    Test worker] cherish.backend.member.MemberTest        : Starting MemberTest using Java 17.0.6 with PID 7044 (started by coodori in /Users/coodori/Desktop/back-spring)
2023-03-09T22:55:52.330+09:00  INFO 7044 --- [    Test worker] cherish.backend.member.MemberTest        : The following 1 profile is active: "smtp"
2023-03-09T22:55:52.609+09:00  INFO 7044 --- [    Test worker] .s.d.r.c.RepositoryConfigurationDelegate : Bootstrapping Spring Data JPA repositories in DEFAULT mode.
2023-03-09T22:55:52.635+09:00  INFO 7044 --- [    Test worker] .s.d.r.c.RepositoryConfigurationDelegate : Finished Spring Data repository scanning in 22 ms. Found 1 JPA repository interfaces.
2023-03-09T22:55:52.839+09:00  INFO 7044 --- [    Test worker] o.hibernate.jpa.internal.util.LogHelper  : HHH000204: Processing PersistenceUnitInfo [name: default]
2023-03-09T22:55:52.861+09:00  INFO 7044 --- [    Test worker] org.hibernate.Version                    : HHH000412: Hibernate ORM core version 6.1.7.Final
2023-03-09T22:55:52.983+09:00  INFO 7044 --- [    Test worker] com.zaxxer.hikari.HikariDataSource       : HikariPool-1 - Starting...
2023-03-09T22:55:53.037+09:00  INFO 7044 --- [    Test worker] com.zaxxer.hikari.pool.HikariPool        : HikariPool-1 - Added connection org.postgresql.jdbc.PgConnection@b3fc6d8
2023-03-09T22:55:53.037+09:00  INFO 7044 --- [    Test worker] com.zaxxer.hikari.HikariDataSource       : HikariPool-1 - Start completed.
2023-03-09T22:55:53.056+09:00  INFO 7044 --- [    Test worker] SQL dialect                              : HHH000400: Using dialect: org.hibernate.dialect.PostgreSQLDialect
2023-03-09T22:55:53.377+09:00  INFO 7044 --- [    Test worker] o.h.m.internal.PojoInstantiatorImpl      : HHH000182: No default (no-argument) constructor for class: cherish.backend.item.ItemType (class must be instantiated by Interceptor)
2023-03-09T22:55:53.378+09:00  INFO 7044 --- [    Test worker] o.h.m.internal.PojoInstantiatorImpl      : HHH000182: No default (no-argument) constructor for class: cherish.backend.member.Gender (class must be instantiated by Interceptor)
2023-03-09T22:55:53.448+09:00  INFO 7044 --- [    Test worker] o.h.e.t.j.p.i.JtaPlatformInitiator       : HHH000490: Using JtaPlatform implementation: [org.hibernate.engine.transaction.jta.platform.internal.NoJtaPlatform]
2023-03-09T22:55:53.452+09:00  INFO 7044 --- [    Test worker] j.LocalContainerEntityManagerFactoryBean : Initialized JPA EntityManagerFactory for persistence unit 'default'
2023-03-09T22:55:53.641+09:00  WARN 7044 --- [    Test worker] JpaBaseConfiguration$JpaWebConfiguration : spring.jpa.open-in-view is enabled by default. Therefore, database queries may be performed during view rendering. Explicitly configure spring.jpa.open-in-view to disable this warning
2023-03-09T22:55:53.784+09:00  INFO 7044 --- [    Test worker] o.s.s.web.DefaultSecurityFilterChain     : Will secure any request with [org.springframework.security.web.session.DisableEncodeUrlFilter@41a3c6f5, org.springframework.security.web.context.request.async.WebAsyncManagerIntegrationFilter@5b78a946, org.springframework.security.web.context.SecurityContextHolderFilter@66f223fa, org.springframework.security.web.header.HeaderWriterFilter@6277a496, org.springframework.security.web.authentication.logout.LogoutFilter@3cd89c72, cherish.backend.config.jwt.JwtAuthenticationFilter@37c762aa, org.springframework.security.web.savedrequest.RequestCacheAwareFilter@3eb641a8, org.springframework.security.web.servletapi.SecurityContextHolderAwareRequestFilter@34be7efb, org.springframework.security.web.authentication.AnonymousAuthenticationFilter@4c438f66, org.springframework.security.web.session.SessionManagementFilter@5d782a4a, org.springframework.security.web.access.ExceptionTranslationFilter@1d4c6e32, org.springframework.security.web.access.intercept.AuthorizationFilter@3fb4beb1]
2023-03-09T22:55:53.928+09:00  INFO 7044 --- [    Test worker] cherish.backend.member.MemberTest        : Started MemberTest in 1.716 seconds (process running for 2.214)
]]></system-out>
  <system-err><![CDATA[]]></system-err>
</testsuite>
