<?xml version="1.0" encoding="UTF-8"?>
<testsuite name="cherish.backend.BackendApplicationTests" tests="1" skipped="0" failures="0" errors="0" timestamp="2023-03-09T07:18:07" hostname="sinbong-gyuui-MacBookAir.local" time="0.101">
  <properties/>
  <testcase name="contextLoads()" classname="cherish.backend.BackendApplicationTests" time="0.101"/>
  <system-out><![CDATA[16:18:04.743 [Test worker] DEBUG org.springframework.boot.test.context.SpringBootTestContextBootstrapper - Neither @ContextConfiguration nor @ContextHierarchy found for test class [BackendApplicationTests]: using SpringBootContextLoader
16:18:04.745 [Test worker] DEBUG org.springframework.test.context.support.AbstractContextLoader - Could not detect default resource locations for test class [cherish.backend.BackendApplicationTests]: no resource found for suffixes {-context.xml, Context.groovy}.
16:18:04.745 [Test worker] INFO org.springframework.test.context.support.AnnotationConfigContextLoaderUtils - Could not detect default configuration classes for test class [cherish.backend.BackendApplicationTests]: BackendApplicationTests does not declare any static, non-private, non-final, nested classes annotated with @Configuration.
16:18:04.756 [Test worker] DEBUG org.springframework.boot.test.context.SpringBootTestContextBootstrapper - Using ContextCustomizers for test class [BackendApplicationTests]: [DisableObservabilityContextCustomizer, PropertyMappingContextCustomizer, Customizer, ExcludeFilterContextCustomizer, DuplicateJsonObjectContextCustomizer, MockitoContextCustomizer, TestRestTemplateContextCustomizer]
16:18:04.790 [Test worker] DEBUG org.springframework.context.annotation.ClassPathScanningCandidateComponentProvider - Identified candidate component class: file [/Users/coodori/Desktop/back-spring/build/classes/java/main/cherish/backend/BackendApplication.class]
16:18:04.790 [Test worker] INFO org.springframework.boot.test.context.SpringBootTestContextBootstrapper - Found @SpringBootConfiguration cherish.backend.BackendApplication for test class cherish.backend.BackendApplicationTests
16:18:04.843 [Test worker] DEBUG org.springframework.boot.test.context.SpringBootTestContextBootstrapper - Using TestExecutionListeners for test class [BackendApplicationTests]: [ServletTestExecutionListener, DirtiesContextBeforeModesTestExecutionListener, ApplicationEventsTestExecutionListener, MockitoTestExecutionListener, DependencyInjectionTestExecutionListener, DirtiesContextTestExecutionListener, TransactionalTestExecutionListener, SqlScriptsTestExecutionListener, WithSecurityContextTestExecutionListener, EventPublishingTestExecutionListener, ReactorContextTestExecutionListener, RestDocsTestExecutionListener, MockRestServiceServerResetTestExecutionListener, MockMvcPrintOnlyOnFailureTestExecutionListener, WebDriverTestExecutionListener, MockWebServiceServerTestExecutionListener, ResetMocksTestExecutionListener]
16:18:04.844 [Test worker] DEBUG org.springframework.test.context.support.AbstractDirtiesContextTestExecutionListener - Before test class: class [BackendApplicationTests], class annotated with @DirtiesContext [false] with mode [null]

  .   ____          _            __ _ _
 /\\ / ___'_ __ _ _(_)_ __  __ _ \ \ \ \
( ( )\___ | '_ | '_| | '_ \/ _` | \ \ \ \
 \\/  ___)| |_)| | | | | || (_| |  ) ) ) )
  '  |____| .__|_| |_|_| |_\__, | / / / /
 =========|_|==============|___/=/_/_/_/
 :: Spring Boot ::                (v3.0.4)

2023-03-09T16:18:05.016+09:00  INFO 37391 --- [    Test worker] c.backend.BackendApplicationTests        : Starting BackendApplicationTests using Java 17.0.6 with PID 37391 (started by coodori in /Users/coodori/Desktop/back-spring)
2023-03-09T16:18:05.018+09:00  INFO 37391 --- [    Test worker] c.backend.BackendApplicationTests        : No active profile set, falling back to 1 default profile: "default"
2023-03-09T16:18:05.588+09:00  INFO 37391 --- [    Test worker] .s.d.r.c.RepositoryConfigurationDelegate : Bootstrapping Spring Data JPA repositories in DEFAULT mode.
2023-03-09T16:18:05.607+09:00  INFO 37391 --- [    Test worker] .s.d.r.c.RepositoryConfigurationDelegate : Finished Spring Data repository scanning in 13 ms. Found 0 JPA repository interfaces.
2023-03-09T16:18:05.957+09:00  INFO 37391 --- [    Test worker] com.zaxxer.hikari.HikariDataSource       : HikariPool-1 - Starting...
2023-03-09T16:18:06.159+09:00  INFO 37391 --- [    Test worker] com.zaxxer.hikari.pool.HikariPool        : HikariPool-1 - Added connection conn0: url=jdbc:h2:mem:dd13419b-0a6b-47da-aaed-023f37a06626 user=SA
2023-03-09T16:18:06.163+09:00  INFO 37391 --- [    Test worker] com.zaxxer.hikari.HikariDataSource       : HikariPool-1 - Start completed.
2023-03-09T16:18:06.217+09:00  INFO 37391 --- [    Test worker] o.hibernate.jpa.internal.util.LogHelper  : HHH000204: Processing PersistenceUnitInfo [name: default]
2023-03-09T16:18:06.277+09:00  INFO 37391 --- [    Test worker] org.hibernate.Version                    : HHH000412: Hibernate ORM core version 6.1.7.Final
2023-03-09T16:18:06.542+09:00  INFO 37391 --- [    Test worker] SQL dialect                              : HHH000400: Using dialect: org.hibernate.dialect.H2Dialect
2023-03-09T16:18:07.214+09:00  INFO 37391 --- [    Test worker] o.h.e.t.j.p.i.JtaPlatformInitiator       : HHH000490: Using JtaPlatform implementation: [org.hibernate.engine.transaction.jta.platform.internal.NoJtaPlatform]
2023-03-09T16:18:07.219+09:00  INFO 37391 --- [    Test worker] j.LocalContainerEntityManagerFactoryBean : Initialized JPA EntityManagerFactory for persistence unit 'default'
2023-03-09T16:18:07.335+09:00  WARN 37391 --- [    Test worker] JpaBaseConfiguration$JpaWebConfiguration : spring.jpa.open-in-view is enabled by default. Therefore, database queries may be performed during view rendering. Explicitly configure spring.jpa.open-in-view to disable this warning
2023-03-09T16:18:07.599+09:00  WARN 37391 --- [    Test worker] .s.s.UserDetailsServiceAutoConfiguration : 

Using generated security password: 1dcafdb5-5d07-4e24-8533-78ee36b55736

This generated password is for development use only. Your security configuration must be updated before running your application in production.

2023-03-09T16:18:07.675+09:00  INFO 37391 --- [    Test worker] o.s.s.web.DefaultSecurityFilterChain     : Will secure any request with [org.springframework.security.web.session.DisableEncodeUrlFilter@19c06762, org.springframework.security.web.context.request.async.WebAsyncManagerIntegrationFilter@22e1a1dc, org.springframework.security.web.context.SecurityContextHolderFilter@e2498a3, org.springframework.security.web.header.HeaderWriterFilter@514f2020, org.springframework.security.web.csrf.CsrfFilter@46507dda, org.springframework.security.web.authentication.logout.LogoutFilter@6166aac5, org.springframework.security.web.authentication.UsernamePasswordAuthenticationFilter@747f0f34, org.springframework.security.web.authentication.ui.DefaultLoginPageGeneratingFilter@59c00722, org.springframework.security.web.authentication.ui.DefaultLogoutPageGeneratingFilter@14b4d90b, org.springframework.security.web.authentication.www.BasicAuthenticationFilter@1f2497d9, org.springframework.security.web.savedrequest.RequestCacheAwareFilter@6a7ab205, org.springframework.security.web.servletapi.SecurityContextHolderAwareRequestFilter@341df373, org.springframework.security.web.authentication.AnonymousAuthenticationFilter@638341b0, org.springframework.security.web.access.ExceptionTranslationFilter@52ba21e4, org.springframework.security.web.access.intercept.AuthorizationFilter@c4455b4]
2023-03-09T16:18:07.702+09:00  INFO 37391 --- [    Test worker] c.backend.BackendApplicationTests        : Started BackendApplicationTests in 2.828 seconds (process running for 3.366)
]]></system-out>
  <system-err><![CDATA[]]></system-err>
</testsuite>
